
Processing analisi_RC_filter.C...

 **********
    PRIMO DIAGRAMMA DI BODE (AMPIEZZA)
 **********

 FCN=9.72567 FROM MIGRAD    STATUS=CONVERGED      22 CALLS          23 TOTAL
                     EDM=5.57532e-08    STRATEGY= 1      ERROR MATRIX ACCURATE 
  EXT PARAMETER                                   STEP         FIRST   
  NO.   NAME      VALUE            ERROR          SIZE      DERIVATIVE 
   1  p0           3.88205e+03   6.75748e+01   1.08018e-01  -4.94157e-06

** CHI2 / NDF ( PROB. ) 9.72567 / 12 ( 0.640013 )

Frequenza di Taglio da |H(w)|, v = 3882.05 +/- 67.5748 Hz

 **********
    SECONDO DIAGRAMMA DI BODE (FASE)
 **********

 FCN=20.0293 FROM MIGRAD    STATUS=CONVERGED      18 CALLS          19 TOTAL
                     EDM=1.45607e-07    STRATEGY= 1      ERROR MATRIX ACCURATE 
  EXT PARAMETER                                   STEP         FIRST   
  NO.   NAME      VALUE            ERROR          SIZE      DERIVATIVE 
   1  p0           3.78558e+03   6.12585e+01   3.28702e-05  -3.66507e-02

** CHI2 / NDF ( PROB. ) 20.0293 / 9 ( 0.0177321 )

Frequenza di Taglio da phi(w), v = 3785.58 +/- 61.2585 Hz
** Verifica compatibilita => COMPATIBILE
